This is pdfTeX, Version 3.14159265-2.6-1.40.17 (TeX Live 2016/W32TeX) (preloaded format=pdflatex 2016.9.4)  14 SEP 2016 19:07
entering extended mode
 restricted \write18 enabled.
 %&-line parsing enabled.
**./ref.tex
(./ref.tex
LaTeX2e <2016/03/31> patch level 3
Babel <3.9r> and hyphenation patterns for 83 language(s) loaded.
\bibdata{ref.bib}
No file ref.bbl.
! I can't find file `ref.aux'.
\enddocument ...keatletter \@@input \jobname .aux 
                                                  \fi \@dofilelist \ifdim \f...
l.4 \end{document}
                  
(Press Enter to retry, or Control-Z to exit)
Please type another input file name: x
(c:/texlive/2016/texmf-dist/tex/latex/tools/x.tex
! .
l.38   \batchmode \errmessage{}
                               \csname @@end\endcsname \end
This error message was generated by an \errmessage
command, so I can't give any explicit help.
Pretend that you're Hercule Poirot: Examine all clues,
and deduce the truth by order and method.

 ) )
(\end occurred inside a group at level 1)

### semi simple group (level 1) entered at line 4 (\begingroup)
### bottom level
(\end occurred when \iftrue on line 4 was incomplete) 
Here is how much of TeX's memory you used:
 9 strings out of 493013
 261 string characters out of 6136994
 53632 words of memory out of 5000000
 3649 multiletter control sequences out of 15000+600000
 3640 words of font info for 14 fonts, out of 8000000 for 9000
 1141 hyphenation exceptions out of 8191
 9i,1n,3p,104b,21s stack positions out of 5000i,500n,10000p,200000b,80000s

No pages of output.
PDF statistics:
 0 PDF objects out of 1000 (max. 8388607)
 0 named destinations out of 1000 (max. 500000)
 1 words of extra memory for PDF output out of 10000 (max. 10000000)

